 
****************************************
Report : area
Design : DSO_dig
Version: I-2013.12-SP5
Date   : Thu Dec 11 01:43:48 2014
****************************************

Library(s) Used:

    tcbn40lpbwptc (File: /cae/apps/data/synopsys-2013/TSMCHOME/digital/Front_End/timing_power_noise/NLDM/tcbn40lpbwp_120b/tcbn40lpbwptc.db)

Number of ports:                           40
Number of nets:                           154
Number of cells:                           31
Number of combinational cells:             21
Number of sequential cells:                 7
Number of macros/black boxes:               0
Number of buf/inv:                          9
Number of references:                      18

Combinational area:               1091.739622
Buf/Inv area:                      154.350004
Noncombinational area:             697.838402
Macro/Black Box area:                0.000000
Net Interconnect area:      undefined  (Wire load has zero net area)

Total cell area:                  1789.578023
Total area:                 undefined
1
