 
****************************************
Report : area
Design : DSO_dig
Version: I-2013.12-SP5
Date   : Wed Dec 10 18:59:27 2014
****************************************

Library(s) Used:

    tcbn40lpbwptc (File: /cae/apps/data/synopsys-2013/TSMCHOME/digital/Front_End/timing_power_noise/NLDM/tcbn40lpbwp_120b/tcbn40lpbwptc.db)

Number of ports:                           40
Number of nets:                           160
Number of cells:                           31
Number of combinational cells:             21
Number of sequential cells:                 7
Number of macros/black boxes:               0
Number of buf/inv:                         10
Number of references:                      14

Combinational area:               1296.892817
Buf/Inv area:                      148.705204
Noncombinational area:             828.903606
Macro/Black Box area:                0.000000
Net Interconnect area:      undefined  (Wire load has zero net area)

Total cell area:                  2125.796423
Total area:                 undefined
1
